<?xml version="1.0" encoding="UTF-8"?>
<testng-results ignored="1" total="13" passed="10" failed="1" skipped="1">
  <reporter-output>
  </reporter-output>
  <suite started-at="2021-07-25T00:54:02Z" name="Default suite" finished-at="2021-07-25T00:54:03Z" duration-ms="728">
    <groups>
    </groups>
    <test started-at="2021-07-25T00:54:02Z" name="Default test" finished-at="2021-07-25T00:54:03Z" duration-ms="728">
      <class name="testNGPkg.SimpleAnnotation">
        <test-method is-config="true" signature="beforeMethod()[pri:0, instance:testNGPkg.SimpleAnnotation@598bd2ba]" started-at="2021-07-25T00:54:03Z" name="beforeMethod" finished-at="2021-07-25T00:54:03Z" duration-ms="0" status="PASS">
          <reporter-output>
          </reporter-output>
        </test-method> <!-- beforeMethod -->
        <test-method signature="testMethod()[pri:0, instance:testNGPkg.SimpleAnnotation@598bd2ba]" started-at="2021-07-25T00:54:03Z" name="testMethod" finished-at="2021-07-25T00:54:03Z" duration-ms="5" status="PASS">
          <reporter-output>
          </reporter-output>
        </test-method> <!-- testMethod -->
        <test-method is-config="true" signature="afterMethod()[pri:0, instance:testNGPkg.SimpleAnnotation@598bd2ba]" started-at="2021-07-25T00:54:03Z" name="afterMethod" finished-at="2021-07-25T00:54:03Z" duration-ms="0" status="PASS">
          <reporter-output>
          </reporter-output>
        </test-method> <!-- afterMethod -->
      </class> <!-- testNGPkg.SimpleAnnotation -->
      <class name="testNGPkg.ExtentReportPgm">
        <test-method is-config="true" signature="startReport(java.lang.String, java.lang.String)[pri:0, instance:testNGPkg.ExtentReportPgm@4c1f22f3]" started-at="2021-07-25T00:54:02Z" name="startReport" finished-at="2021-07-25T00:54:03Z" duration-ms="222" status="PASS">
          <params>
            <param index="0">
              <value>
                <![CDATA[param-val-not-found]]>
              </value>
            </param>
            <param index="1">
              <value>
                <![CDATA[param-val-not-found]]>
              </value>
            </param>
          </params>
          <reporter-output>
          </reporter-output>
        </test-method> <!-- startReport -->
        <test-method signature="testCase1()[pri:0, instance:testNGPkg.ExtentReportPgm@4c1f22f3]" started-at="2021-07-25T00:54:03Z" name="testCase1" finished-at="2021-07-25T00:54:03Z" duration-ms="8" status="PASS">
          <reporter-output>
          </reporter-output>
        </test-method> <!-- testCase1 -->
        <test-method is-config="true" signature="getResult(org.testng.ITestResult)[pri:0, instance:testNGPkg.ExtentReportPgm@4c1f22f3]" started-at="2021-07-25T00:54:03Z" name="getResult" finished-at="2021-07-25T00:54:03Z" duration-ms="20" status="PASS">
          <params>
            <param index="0">
              <value>
                <![CDATA[[TestResult name=testCase1 status=SUCCESS method=ExtentReportPgm.testCase1()[pri:0, instance:testNGPkg.ExtentReportPgm@4c1f22f3] output={null}]]]>
              </value>
            </param>
          </params>
          <reporter-output>
          </reporter-output>
        </test-method> <!-- getResult -->
        <test-method signature="testCase2()[pri:0, instance:testNGPkg.ExtentReportPgm@4c1f22f3]" started-at="2021-07-25T00:54:03Z" name="testCase2" finished-at="2021-07-25T00:54:03Z" duration-ms="3" status="PASS">
          <reporter-output>
          </reporter-output>
        </test-method> <!-- testCase2 -->
        <test-method is-config="true" signature="getResult(org.testng.ITestResult)[pri:0, instance:testNGPkg.ExtentReportPgm@4c1f22f3]" started-at="2021-07-25T00:54:03Z" name="getResult" finished-at="2021-07-25T00:54:03Z" duration-ms="4" status="PASS">
          <params>
            <param index="0">
              <value>
                <![CDATA[[TestResult name=testCase2 status=SUCCESS method=ExtentReportPgm.testCase2()[pri:0, instance:testNGPkg.ExtentReportPgm@4c1f22f3] output={null}]]]>
              </value>
            </param>
          </params>
          <reporter-output>
          </reporter-output>
        </test-method> <!-- getResult -->
        <test-method signature="testCase3()[pri:0, instance:testNGPkg.ExtentReportPgm@4c1f22f3]" started-at="2021-07-25T00:54:03Z" name="testCase3" finished-at="2021-07-25T00:54:03Z" duration-ms="4" status="PASS">
          <reporter-output>
          </reporter-output>
        </test-method> <!-- testCase3 -->
        <test-method is-config="true" signature="getResult(org.testng.ITestResult)[pri:0, instance:testNGPkg.ExtentReportPgm@4c1f22f3]" started-at="2021-07-25T00:54:03Z" name="getResult" finished-at="2021-07-25T00:54:03Z" duration-ms="2" status="PASS">
          <params>
            <param index="0">
              <value>
                <![CDATA[[TestResult name=testCase3 status=SUCCESS method=ExtentReportPgm.testCase3()[pri:0, instance:testNGPkg.ExtentReportPgm@4c1f22f3] output={null}]]]>
              </value>
            </param>
          </params>
          <reporter-output>
          </reporter-output>
        </test-method> <!-- getResult -->
        <test-method signature="testCase4()[pri:0, instance:testNGPkg.ExtentReportPgm@4c1f22f3]" started-at="2021-07-25T00:54:03Z" name="testCase4" finished-at="2021-07-25T00:54:03Z" duration-ms="3" status="FAIL">
          <exception class="java.lang.AssertionError">
            <message>
              <![CDATA[expected [true] but found [false]]]>
            </message>
            <full-stacktrace>
              <![CDATA[java.lang.AssertionError: expected [true] but found [false]
at org.testng.Assert.fail(Assert.java:96)
at org.testng.Assert.failNotEquals(Assert.java:776)
at org.testng.Assert.assertTrue(Assert.java:44)
at org.testng.Assert.assertTrue(Assert.java:54)
at testNGPkg.ExtentReportPgm.testCase4(ExtentReportPgm.java:76)
at java.base/jdk.internal.reflect.NativeMethodAccessorImpl.invoke0(Native Method)
at java.base/jdk.internal.reflect.NativeMethodAccessorImpl.invoke(NativeMethodAccessorImpl.java:64)
at java.base/jdk.internal.reflect.DelegatingMethodAccessorImpl.invoke(DelegatingMethodAccessorImpl.java:43)
at java.base/java.lang.reflect.Method.invoke(Method.java:564)
at org.testng.internal.MethodInvocationHelper.invokeMethod(MethodInvocationHelper.java:124)
at org.testng.internal.Invoker.invokeMethod(Invoker.java:583)
at org.testng.internal.Invoker.invokeTestMethod(Invoker.java:719)
at org.testng.internal.Invoker.invokeTestMethods(Invoker.java:989)
at org.testng.internal.TestMethodWorker.invokeTestMethods(TestMethodWorker.java:125)
at org.testng.internal.TestMethodWorker.run(TestMethodWorker.java:109)
at org.testng.TestRunner.privateRun(TestRunner.java:648)
at org.testng.TestRunner.run(TestRunner.java:505)
at org.testng.SuiteRunner.runTest(SuiteRunner.java:455)
at org.testng.SuiteRunner.runSequentially(SuiteRunner.java:450)
at org.testng.SuiteRunner.privateRun(SuiteRunner.java:415)
at org.testng.SuiteRunner.run(SuiteRunner.java:364)
at org.testng.SuiteRunnerWorker.runSuite(SuiteRunnerWorker.java:52)
at org.testng.SuiteRunnerWorker.run(SuiteRunnerWorker.java:84)
at org.testng.TestNG.runSuitesSequentially(TestNG.java:1208)
at org.testng.TestNG.runSuitesLocally(TestNG.java:1137)
at org.testng.TestNG.runSuites(TestNG.java:1049)
at org.testng.TestNG.run(TestNG.java:1017)
at org.testng.remote.AbstractRemoteTestNG.run(AbstractRemoteTestNG.java:115)
at org.testng.remote.RemoteTestNG.initAndRun(RemoteTestNG.java:251)
at org.testng.remote.RemoteTestNG.main(RemoteTestNG.java:77)
]]>
            </full-stacktrace>
          </exception> <!-- java.lang.AssertionError -->
          <reporter-output>
          </reporter-output>
        </test-method> <!-- testCase4 -->
        <test-method is-config="true" signature="getResult(org.testng.ITestResult)[pri:0, instance:testNGPkg.ExtentReportPgm@4c1f22f3]" started-at="2021-07-25T00:54:03Z" name="getResult" finished-at="2021-07-25T00:54:03Z" duration-ms="8" status="PASS">
          <params>
            <param index="0">
              <value>
                <![CDATA[[TestResult name=testCase4 status=FAILURE method=ExtentReportPgm.testCase4()[pri:0, instance:testNGPkg.ExtentReportPgm@4c1f22f3] output={null}]]]>
              </value>
            </param>
          </params>
          <reporter-output>
          </reporter-output>
        </test-method> <!-- getResult -->
        <test-method signature="testCase5()[pri:0, instance:testNGPkg.ExtentReportPgm@4c1f22f3]" started-at="2021-07-25T00:54:03Z" name="testCase5" finished-at="2021-07-25T00:54:03Z" duration-ms="4" status="SKIP">
          <exception class="org.testng.SkipException">
            <message>
              <![CDATA[Skipping this test with exception]]>
            </message>
            <full-stacktrace>
              <![CDATA[org.testng.SkipException: Skipping this test with exception
at testNGPkg.ExtentReportPgm.testCase5(ExtentReportPgm.java:82)
at java.base/jdk.internal.reflect.NativeMethodAccessorImpl.invoke0(Native Method)
at java.base/jdk.internal.reflect.NativeMethodAccessorImpl.invoke(NativeMethodAccessorImpl.java:64)
at java.base/jdk.internal.reflect.DelegatingMethodAccessorImpl.invoke(DelegatingMethodAccessorImpl.java:43)
at java.base/java.lang.reflect.Method.invoke(Method.java:564)
at org.testng.internal.MethodInvocationHelper.invokeMethod(MethodInvocationHelper.java:124)
at org.testng.internal.Invoker.invokeMethod(Invoker.java:583)
at org.testng.internal.Invoker.invokeTestMethod(Invoker.java:719)
at org.testng.internal.Invoker.invokeTestMethods(Invoker.java:989)
at org.testng.internal.TestMethodWorker.invokeTestMethods(TestMethodWorker.java:125)
at org.testng.internal.TestMethodWorker.run(TestMethodWorker.java:109)
at org.testng.TestRunner.privateRun(TestRunner.java:648)
at org.testng.TestRunner.run(TestRunner.java:505)
at org.testng.SuiteRunner.runTest(SuiteRunner.java:455)
at org.testng.SuiteRunner.runSequentially(SuiteRunner.java:450)
at org.testng.SuiteRunner.privateRun(SuiteRunner.java:415)
at org.testng.SuiteRunner.run(SuiteRunner.java:364)
at org.testng.SuiteRunnerWorker.runSuite(SuiteRunnerWorker.java:52)
at org.testng.SuiteRunnerWorker.run(SuiteRunnerWorker.java:84)
at org.testng.TestNG.runSuitesSequentially(TestNG.java:1208)
at org.testng.TestNG.runSuitesLocally(TestNG.java:1137)
at org.testng.TestNG.runSuites(TestNG.java:1049)
at org.testng.TestNG.run(TestNG.java:1017)
at org.testng.remote.AbstractRemoteTestNG.run(AbstractRemoteTestNG.java:115)
at org.testng.remote.RemoteTestNG.initAndRun(RemoteTestNG.java:251)
at org.testng.remote.RemoteTestNG.main(RemoteTestNG.java:77)
]]>
            </full-stacktrace>
          </exception> <!-- org.testng.SkipException -->
          <reporter-output>
          </reporter-output>
        </test-method> <!-- testCase5 -->
        <test-method is-config="true" signature="getResult(org.testng.ITestResult)[pri:0, instance:testNGPkg.ExtentReportPgm@4c1f22f3]" started-at="2021-07-25T00:54:03Z" name="getResult" finished-at="2021-07-25T00:54:03Z" duration-ms="3" status="PASS">
          <params>
            <param index="0">
              <value>
                <![CDATA[[TestResult name=testCase5 status=SKIP method=ExtentReportPgm.testCase5()[pri:0, instance:testNGPkg.ExtentReportPgm@4c1f22f3] output={null}]]]>
              </value>
            </param>
          </params>
          <reporter-output>
          </reporter-output>
        </test-method> <!-- getResult -->
        <test-method is-config="true" signature="tearDown()[pri:0, instance:testNGPkg.ExtentReportPgm@4c1f22f3]" started-at="2021-07-25T00:54:03Z" name="tearDown" finished-at="2021-07-25T00:54:03Z" duration-ms="356" status="PASS">
          <reporter-output>
          </reporter-output>
        </test-method> <!-- tearDown -->
      </class> <!-- testNGPkg.ExtentReportPgm -->
      <class name="testNGPkg.TestMethodClass2">
        <test-method signature="testMethod4()[pri:0, instance:testNGPkg.TestMethodClass2@5a755cc1]" started-at="2021-07-25T00:54:03Z" name="testMethod4" finished-at="2021-07-25T00:54:03Z" duration-ms="3" status="PASS">
          <reporter-output>
          </reporter-output>
        </test-method> <!-- testMethod4 -->
        <test-method signature="testMethod5()[pri:0, instance:testNGPkg.TestMethodClass2@5a755cc1]" started-at="2021-07-25T00:54:03Z" name="testMethod5" finished-at="2021-07-25T00:54:03Z" duration-ms="3" status="PASS">
          <reporter-output>
          </reporter-output>
        </test-method> <!-- testMethod5 -->
        <test-method signature="testMethod6()[pri:0, instance:testNGPkg.TestMethodClass2@5a755cc1]" started-at="2021-07-25T00:54:03Z" name="testMethod6" finished-at="2021-07-25T00:54:03Z" duration-ms="2" status="PASS">
          <reporter-output>
          </reporter-output>
        </test-method> <!-- testMethod6 -->
      </class> <!-- testNGPkg.TestMethodClass2 -->
      <class name="testNGPkg.TestMethodClass1">
        <test-method is-config="true" signature="beforeMethod()[pri:0, instance:testNGPkg.TestMethodClass1@7ae42ce3]" started-at="2021-07-25T00:54:03Z" name="beforeMethod" finished-at="2021-07-25T00:54:03Z" duration-ms="0" status="PASS">
          <reporter-output>
          </reporter-output>
        </test-method> <!-- beforeMethod -->
        <test-method signature="testMethod1()[pri:0, instance:testNGPkg.TestMethodClass1@7ae42ce3]" started-at="2021-07-25T00:54:03Z" name="testMethod1" finished-at="2021-07-25T00:54:03Z" duration-ms="2" status="PASS">
          <reporter-output>
          </reporter-output>
        </test-method> <!-- testMethod1 -->
        <test-method is-config="true" signature="beforeMethod()[pri:0, instance:testNGPkg.TestMethodClass1@7ae42ce3]" started-at="2021-07-25T00:54:03Z" name="beforeMethod" finished-at="2021-07-25T00:54:03Z" duration-ms="0" status="PASS">
          <reporter-output>
          </reporter-output>
        </test-method> <!-- beforeMethod -->
        <test-method is-config="true" signature="afterMethod()[pri:0, instance:testNGPkg.TestMethodClass1@7ae42ce3]" started-at="2021-07-25T00:54:03Z" name="afterMethod" finished-at="2021-07-25T00:54:03Z" duration-ms="0" status="PASS">
          <reporter-output>
          </reporter-output>
        </test-method> <!-- afterMethod -->
        <test-method signature="testMethod2()[pri:0, instance:testNGPkg.TestMethodClass1@7ae42ce3]" started-at="2021-07-25T00:54:03Z" name="testMethod2" finished-at="2021-07-25T00:54:03Z" duration-ms="2" status="PASS">
          <reporter-output>
          </reporter-output>
        </test-method> <!-- testMethod2 -->
        <test-method is-config="true" signature="afterMethod()[pri:0, instance:testNGPkg.TestMethodClass1@7ae42ce3]" started-at="2021-07-25T00:54:03Z" name="afterMethod" finished-at="2021-07-25T00:54:03Z" duration-ms="1" status="PASS">
          <reporter-output>
          </reporter-output>
        </test-method> <!-- afterMethod -->
        <test-method is-config="true" signature="beforeMethod()[pri:0, instance:testNGPkg.TestMethodClass1@7ae42ce3]" started-at="2021-07-25T00:54:03Z" name="beforeMethod" finished-at="2021-07-25T00:54:03Z" duration-ms="0" status="PASS">
          <reporter-output>
          </reporter-output>
        </test-method> <!-- beforeMethod -->
        <test-method signature="testMethod3()[pri:0, instance:testNGPkg.TestMethodClass1@7ae42ce3]" started-at="2021-07-25T00:54:03Z" name="testMethod3" finished-at="2021-07-25T00:54:03Z" duration-ms="1" status="PASS">
          <reporter-output>
          </reporter-output>
        </test-method> <!-- testMethod3 -->
        <test-method is-config="true" signature="afterMethod()[pri:0, instance:testNGPkg.TestMethodClass1@7ae42ce3]" started-at="2021-07-25T00:54:03Z" name="afterMethod" finished-at="2021-07-25T00:54:03Z" duration-ms="1" status="PASS">
          <reporter-output>
          </reporter-output>
        </test-method> <!-- afterMethod -->
      </class> <!-- testNGPkg.TestMethodClass1 -->
    </test> <!-- Default test -->
  </suite> <!-- Default suite -->
</testng-results>
